[debug] [2024-03-06T20:18:18.678Z] ----------------------------------------------------------------------
[debug] [2024-03-06T20:18:18.683Z] Command:       C:\Program Files\nodejs\node.exe C:\Users\Shoopa\AppData\Roaming\npm\node_modules\firebase-tools\lib\bin\firebase.js apps:create ios rebuy (ios) --bundle-id=com.rebuy.app --json --project=rebuy-3702d
[debug] [2024-03-06T20:18:18.684Z] CLI Version:   13.4.0
[debug] [2024-03-06T20:18:18.685Z] Platform:      win32
[debug] [2024-03-06T20:18:18.685Z] Node Version:  v20.11.1
[debug] [2024-03-06T20:18:18.686Z] Time:          Wed Mar 06 2024 22:18:18 GMT+0200 (Eastern European Standard Time)
[debug] [2024-03-06T20:18:18.686Z] ----------------------------------------------------------------------
[debug] 
[debug] [2024-03-06T20:18:18.696Z] > command requires scopes: ["email","openid","https://www.googleapis.com/auth/cloudplatformprojects.readonly","https://www.googleapis.com/auth/firebase","https://www.googleapis.com/auth/cloud-platform"]
[debug] [2024-03-06T20:18:18.697Z] > authorizing via signed-in user (shoopa5050@gmail.com)
[info] Create your IOS app in project rebuy-3702d:
[debug] [2024-03-06T20:18:18.703Z] >>> [apiv2][query] POST https://firebase.googleapis.com/v1beta1/projects/rebuy-3702d/iosApps [none]
[debug] [2024-03-06T20:18:18.704Z] >>> [apiv2][body] POST https://firebase.googleapis.com/v1beta1/projects/rebuy-3702d/iosApps {"displayName":"rebuy (ios)","bundleId":"com.rebuy.app"}
[debug] [2024-03-06T20:18:19.516Z] <<< [apiv2][status] POST https://firebase.googleapis.com/v1beta1/projects/rebuy-3702d/iosApps 409
[debug] [2024-03-06T20:18:19.517Z] <<< [apiv2][body] POST https://firebase.googleapis.com/v1beta1/projects/rebuy-3702d/iosApps {"error":{"code":409,"message":"Requested entity already exists","status":"ALREADY_EXISTS"}}
[debug] [2024-03-06T20:18:19.519Z] HTTP Error: 409, Requested entity already exists
[debug] [2024-03-06T20:18:19.738Z] FirebaseError: HTTP Error: 409, Requested entity already exists
    at responseToError (C:\Users\Shoopa\AppData\Roaming\npm\node_modules\firebase-tools\lib\responseToError.js:49:12)
    at RetryOperation._fn (C:\Users\Shoopa\AppData\Roaming\npm\node_modules\firebase-tools\lib\apiv2.js:292:77)
    at process.processTicksAndRejections (node:internal/process/task_queues:95:5)
[error] 
[error] Error: Failed to create iOS app for project rebuy-3702d. See firebase-debug.log for more info.
