Flutter crash report.
Please report a bug at https://github.com/flutter/flutter/issues.

## command

flutter --quiet assemble --no-version-check --depfile F:\rebuy\build\app\intermediates\flutter\debug/flutter_build.d --output F:\rebuy\build\app\intermediates\flutter\debug -dTargetFile=F:\rebuy\lib\main.dart -dTargetPlatform=android -dBuildMode=debug -dTrackWidgetCreation=true --DartDefines=RkxVVFRFUl9XRUJfQVVUT19ERVRFQ1Q9dHJ1ZQ==,RkxVVFRFUl9XRUJfQ0FOVkFTS0lUX1VSTD1odHRwczovL3d3dy5nc3RhdGljLmNvbS9mbHV0dGVyLWNhbnZhc2tpdC8yZTRiYTljNmZiNDk5Y2NkNGU4MTQyMDU0Mzc4M2NjNzI2N2FlNDA2Lw== -dFlavor= -dAndroidArchs=android-arm64 -dMinSdkVersion=21 -dIsAndroidLibrary=false debug_android_application

## exception

FileSystemException: FileSystemException: Failed to decode data using encoding 'utf-8', path = 'F:\rebuy\.dart_tool\flutter_build\629c18e7be192dd3ce61862e9d481ba3\kernel_snapshot.d'

```
#0      _File._tryDecode (dart:io/file_impl.dart:615:7)
#1      _File.readAsStringSync (dart:io/file_impl.dart:624:7)
#2      ForwardingFile.readAsStringSync (package:file/src/forwarding/forwarding_file.dart:99:16)
#3      ErrorHandlingFile.readAsStringSync.<anonymous closure> (package:flutter_tools/src/base/error_handling_io.dart:217:22)
#4      _runSync (package:flutter_tools/src/base/error_handling_io.dart:587:14)
#5      ErrorHandlingFile.readAsStringSync (package:flutter_tools/src/base/error_handling_io.dart:216:12)
#6      SourceVisitor.visitDepfile (package:flutter_tools/src/build_system/source.dart:55:37)
#7      List.forEach (dart:core-patch/growable_array.dart:416:8)
#8      Target._resolveConfiguration (package:flutter_tools/src/build_system/build_system.dart:252:14)
#9      Target.resolveInputs (package:flutter_tools/src/build_system/build_system.dart:197:12)
#10     Target._toNode (package:flutter_tools/src/build_system/build_system.dart:150:39)
#11     Target._toNode (package:flutter_tools/src/build_system/build_system.dart:157:58)
#12     FlutterBuildSystem.build (package:flutter_tools/src/build_system/build_system.dart:617:30)
#13     AssembleCommand.runCommand (package:flutter_tools/src/commands/assemble.dart:318:51)
#14     FlutterCommand.verifyThenRunCommand (package:flutter_tools/src/runner/flutter_command.dart:1765:12)
<asynchronous suspension>
#15     FlutterCommand.run.<anonymous closure> (package:flutter_tools/src/runner/flutter_command.dart:1389:27)
<asynchronous suspension>
#16     AppContext.run.<anonymous closure> (package:flutter_tools/src/base/context.dart:153:19)
<asynchronous suspension>
#17     CommandRunner.runCommand (package:args/command_runner.dart:212:13)
<asynchronous suspension>
#18     FlutterCommandRunner.runCommand.<anonymous closure> (package:flutter_tools/src/runner/flutter_command_runner.dart:355:9)
<asynchronous suspension>
#19     AppContext.run.<anonymous closure> (package:flutter_tools/src/base/context.dart:153:19)
<asynchronous suspension>
#20     FlutterCommandRunner.runCommand (package:flutter_tools/src/runner/flutter_command_runner.dart:295:5)
<asynchronous suspension>
#21     run.<anonymous closure>.<anonymous closure> (package:flutter_tools/runner.dart:119:9)
<asynchronous suspension>
#22     AppContext.run.<anonymous closure> (package:flutter_tools/src/base/context.dart:153:19)
<asynchronous suspension>
#23     main (package:flutter_tools/executable.dart:90:3)
<asynchronous suspension>
```

## flutter doctor

```
[✓] Flutter (Channel stable, 3.19.3, on Microsoft Windows [Version 10.0.19045.4170], locale en-US)
    • Flutter version 3.19.3 on channel stable at C:\src\flutter\flutter
    • Upstream repository https://github.com/flutter/flutter.git
    • Framework revision ba39319843 (2 weeks ago), 2024-03-07 15:22:21 -0600
    • Engine revision 2e4ba9c6fb
    • Dart version 3.3.1
    • DevTools version 2.31.1

[✓] Windows Version (Installed version of Windows is version 10 or higher)

[✓] Android toolchain - develop for Android devices (Android SDK version 34.0.0)
    • Android SDK at C:\Users\Shoopa\AppData\Local\Android\sdk
    • Platform android-34, build-tools 34.0.0
    • Java binary at: C:\Program Files\Android\Android Studio\jbr\bin\java
    • Java version OpenJDK Runtime Environment (build 17.0.9+0--11185874)
    • All Android licenses accepted.

[✓] Chrome - develop for the web
    • Chrome at C:\Program Files\Google\Chrome\Application\chrome.exe

[✓] Visual Studio - develop Windows apps (Visual Studio Community 2022 17.9.3)
    • Visual Studio at C:\Program Files\Microsoft Visual Studio\2022\Community
    • Visual Studio Community 2022 version 17.9.34701.34
    • Windows 10 SDK version 10.0.22621.0

[✓] Android Studio (version 2023.2)
    • Android Studio at C:\Program Files\Android\Android Studio
    • Flutter plugin can be installed from:
      🔨 https://plugins.jetbrains.com/plugin/9212-flutter
    • Dart plugin can be installed from:
      🔨 https://plugins.jetbrains.com/plugin/6351-dart
    • Java version OpenJDK Runtime Environment (build 17.0.9+0--11185874)

[✓] VS Code (version 1.87.2)
    • VS Code at C:\Users\Shoopa\AppData\Local\Programs\Microsoft VS Code
    • Flutter extension version 3.84.0

[✓] Connected device (4 available)
    • Redmi Note 9 Pro (mobile) • 192.168.1.3:55555 • android-arm64  • Android 10 (API 29)
    • Windows (desktop)         • windows           • windows-x64    • Microsoft Windows [Version 10.0.19045.4170]
    • Chrome (web)              • chrome            • web-javascript • Google Chrome 122.0.6261.131
    • Edge (web)                • edge              • web-javascript • Microsoft Edge 122.0.2365.92

[✓] Network resources
    • All expected network resources are available.

• No issues found!
```
